
ACO algorithms for the TSP, v1.03
	 OPTIONS:
  -t  --time with argument "10.000"
  -r  --tries with argument "1"
	Note: maximum number tours is set to default 0
      --seed with argument "890005931"
	Note: optimal solution value is set to default 1
  -i  --tsplibfile with argument "/Users/deyaochen/tuning/Instances/2000-116.tsp"
as_flag is set to 1, run Ant System
  -l  --localsearch with argument "0"
  -m  --ants with argument "98"
	Note: number of nearest neighbours in tour construction is set to default 20
  -a  --alpha with argument "2.850000"
  -b  --beta with argument "7.070000"
  -e  --rho with argument "0.240000"
	Note: q_0 is set to default 0
	Note: number of elitist ants is set to default n
	Note: number of ranks is set to default 0
	Note: number nearest neighbours in local search is set to default 20
	Note: dlb flag is set to default 1 (use don't look bits)
Non-option arguments:

reading tsp-file /Users/deyaochen/tuning/Instances/2000-116.tsp ... 

calculating distance matrix ..

 .. done

Parameter-settings: 

max_tries		 1
max_tours		 0
max_time		 10.00
seed		 890005931
optimum			 1
n_ants			 98
nn_ants			 20
alpha			 2.85
beta			 7.07
rho			 0.24
q_0			 0.00
elitist_ants		 0
ras_ranks		 0
ls_flag			 0
nn_ls			 20
dlb_flag		 1
as_flag			 1
eas_flag		 0
ras_flag		 0
mmas_flag		 0
bwas_flag		 0
acs_flag		 0

allocate ants' memory ..

 .. done
Initialization took 0.2596470000 seconds
best 41930957, iteration: 1, time 0.20
best 39357963, iteration: 2, time 0.36
best 38880618, iteration: 3, time 0.54
best 38749242, iteration: 5, time 0.85
best 38523473, iteration: 42, time 6.19
